C51 COMPILER V9.54   MAIN                                                                  08/17/2025 02:17:41 PAGE 1   


C51 COMPILER V9.54, COMPILATION OF MODULE MAIN
OBJECT MODULE PLACED IN .\Objects\main.obj
COMPILER INVOKED BY: E:\Keil5\C51\BIN\C51.EXE main.c OPTIMIZE(8,SPEED) BROWSE DEBUG OBJECTEXTEND PRINT(.\Listings\main.l
                    -st) OBJECT(.\Objects\main.obj)

line level    source

   1          #include <reg52.h>
   2          
   3          
   4          int flag1,time1,shuliang;
   5          
   6          void delay(unsigned int ms);
   7          void xianshi();
   8          unsigned int geshu();
   9          void Init();
  10          
  11          unsigned char code zimo1[]=
  12          {
  13          0x00,0x00,0x00,0x00,0x00,0x00,0x00,0x00,0x00,0x00,0x00,0x00,0x00,0x00,0x00,0x00,
  14                  
  15          0x20,0x24,0x24,0x24,0xFE,0x23,0x22,0x20,0x20,0xFF,0x20,0x22,0x2C,0xA0,0x20,0x00, /*"我",0*/
  16                  
  17          0x80,0x64,0x2C,0x34,0x24,0x24,0xEC,0x32,0x22,0x22,0x32,0x2E,0x23,0xA2,0x60,0x00,/*"爱",0*/
  18          
  19          0x40,0x30,0x11,0x96,0x90,0x90,0x91,0x96,0x90,0x90,0x98,0x14,0x13,0x50,0x30,0x00,/*"学",0*/
  20          
  21          0x20,0x30,0xAC,0x63,0x30,0x00,0xFC,0x24,0x25,0x26,0x24,0x24,0x24,0x3C,0x00,0x00,/*"编",0*/
  22          
  23          0x24,0x24,0xA4,0xFE,0x23,0x22,0x00,0x3E,0x22,0x22,0x22,0x22,0x22,0x3E,0x00,0x00 /*"程",0*/
  24          };
  25          
  26          unsigned char code zimo2[]=
  27          {
  28          0x00,0x00,0x00,0x00,0x00,0x00,0x00,0x00,0x00,0x00,0x00,0x00,0x00,0x00,0x00,0x00,
  29                  
  30          0x00,0x08,0x48,0x84,0x7F,0x02,0x41,0x40,0x20,0x13,0x0C,0x14,0x22,0x41,0xF8,0x00,  /*"我",0*/
  31                  
  32          0x00,0x41,0x21,0x91,0x89,0x87,0x4D,0x55,0x25,0x25,0x55,0x4D,0x81,0x80,0x80,0x00,/*"爱",0*/
  33          
  34          0x04,0x04,0x04,0x04,0x04,0x44,0x84,0x7E,0x06,0x05,0x04,0x04,0x04,0x04,0x04,0x00,/*"学",0*/
  35          
  36          0x22,0x67,0x22,0x12,0x52,0x38,0x07,0xFF,0x09,0x7F,0x09,0x3F,0x89,0xFF,0x00,0x00,/*"编",0*/
  37          
  38          0x08,0x06,0x01,0xFF,0x01,0x06,0x40,0x49,0x49,0x49,0x7F,0x49,0x49,0x49,0x41,0x00,/*"程",0*/
  39          };
  40          
  41          unsigned char code duanma[]=
  42          {
  43                  0x0,0x1,0x2,0x3,0x4,0x5,0x6,0x7,0x8,0x9,0xa,0xb,0xc,0xd,0xe,0xf
  44          };
  45          
  46          unsigned int geshu()
  47          {
  48   1              return (sizeof(zimo1)/sizeof(zimo1[0]));
  49   1      }
  50          
  51          void main()
  52          {
  53   1              shuliang = geshu();
  54   1              Init();
C51 COMPILER V9.54   MAIN                                                                  08/17/2025 02:17:41 PAGE 2   

  55   1              while(1)
  56   1              {
  57   2                      xianshi();
  58   2              }
  59   1      }
  60          
  61          void xianshi()
  62          {
  63   1              int i;
  64   1              if(flag1 == (shuliang - 16))
  65   1                      flag1 = 0;
  66   1              for(i = 0;i<16;i++)
  67   1              {
  68   2                      P2 = duanma[i];
  69   2                      P0 = zimo1[i+flag1];
  70   2                      delay(2);
  71   2              }
  72   1                      P0 = 0;  
  73   1              
  74   1              for(i = 0;i<16;i++)
  75   1              {
  76   2                      P2 = duanma[i];
  77   2                      P1 = zimo2[i+flag1];
  78   2                      delay(2);
  79   2              }
  80   1                      P1 = 0;
  81   1      }
  82          
  83          
  84          void Init()
  85          {
  86   1              TMOD = 0x01;
  87   1              ET0 = 1;
  88   1              TR0 = 1;
  89   1              TH0 = (65535 - 50000)/256;
  90   1              TL0 = (65535 - 50000)%256;
  91   1              EA = 1;
  92   1      }
  93          void delay(unsigned int ms)
  94          {
  95   1              unsigned int i,j;
  96   1              for(i = 0;i<ms;i++)
  97   1              for(j = 0;j<12;j++);
  98   1      }
  99          
 100          void timer() interrupt 1
 101          {
 102   1              TH0 = (65535 - 50000)/256;
 103   1              TL0 = (65535 - 50000)%256;
 104   1              time1++;
 105   1              if(time1 == 2)
 106   1              {
 107   2                      time1 =0;
 108   2                      flag1++;
 109   2              }
 110   1              
 111   1      }


MODULE INFORMATION:   STATIC OVERLAYABLE
   CODE SIZE        =    276    ----
   CONSTANT SIZE    =    208    ----
C51 COMPILER V9.54   MAIN                                                                  08/17/2025 02:17:41 PAGE 3   

   XDATA SIZE       =   ----    ----
   PDATA SIZE       =   ----    ----
   DATA SIZE        =      6       2
   IDATA SIZE       =   ----    ----
   BIT SIZE         =   ----    ----
END OF MODULE INFORMATION.


C51 COMPILATION COMPLETE.  0 WARNING(S),  0 ERROR(S)
